[INFO ] 26-02-2020 05:42:58.661 PM [main]  com.viswagopi.GatewayServiceApplication - No active profile set, falling back to default profiles: default
[INFO ] 26-02-2020 05:43:00.579 PM [main]  com.viswagopi.GatewayServiceApplication - Started GatewayServiceApplication in 2.303 seconds (JVM running for 2.68)
[INFO ] 26-02-2020 05:43:34.605 PM [main]  com.viswagopi.GatewayServiceApplication - No active profile set, falling back to default profiles: default
[INFO ] 26-02-2020 05:43:36.690 PM [main]  com.viswagopi.GatewayServiceApplication - Started GatewayServiceApplication in 2.506 seconds (JVM running for 2.894)
[INFO ] 26-02-2020 08:27:46.235 PM [main]  com.viswagopi.GatewayServiceApplication - No active profile set, falling back to default profiles: default
[INFO ] 26-02-2020 08:27:48.339 PM [main]  com.viswagopi.GatewayServiceApplication - Started GatewayServiceApplication in 2.513 seconds (JVM running for 2.861)
[INFO ] 26-02-2020 08:28:56.690 PM [http-nio-8090-exec-2]  com.viswagopi.components.ZuulLoggingFilter - request -> org.springframework.cloud.netflix.zuul.filters.pre.Servlet30RequestWrapper@792f8708 request uri-> /town
[INFO ] 26-02-2020 08:29:36.084 PM [http-nio-8090-exec-4]  com.viswagopi.components.ZuulLoggingFilter - request -> org.springframework.cloud.netflix.zuul.filters.pre.Servlet30RequestWrapper@15519884 request uri-> /town
[INFO ] 26-02-2020 08:35:43.374 PM [http-nio-8090-exec-8]  com.viswagopi.components.ZuulLoggingFilter - request -> org.springframework.cloud.netflix.zuul.filters.pre.Servlet30RequestWrapper@7d1f6afa request uri-> /town
[INFO ] 26-02-2020 08:37:35.530 PM [http-nio-8090-exec-10]  com.viswagopi.components.ZuulLoggingFilter - request -> org.springframework.cloud.netflix.zuul.filters.pre.Servlet30RequestWrapper@1ff598d6 request uri-> /town/1
[INFO ] 26-02-2020 08:37:39.012 PM [http-nio-8090-exec-1]  com.viswagopi.components.ZuulLoggingFilter - request -> org.springframework.cloud.netflix.zuul.filters.pre.Servlet30RequestWrapper@346f2fd3 request uri-> /town/1
[INFO ] 26-02-2020 08:37:58.016 PM [http-nio-8090-exec-2]  com.viswagopi.components.ZuulLoggingFilter - request -> org.springframework.cloud.netflix.zuul.filters.pre.Servlet30RequestWrapper@ca0ab9 request uri-> /town/town/1
[INFO ] 26-02-2020 08:39:18.987 PM [http-nio-8090-exec-5]  com.viswagopi.components.ZuulLoggingFilter - request -> org.springframework.cloud.netflix.zuul.filters.pre.Servlet30RequestWrapper@2ee86379 request uri-> /town
[INFO ] 26-02-2020 08:39:43.061 PM [http-nio-8090-exec-6]  com.viswagopi.components.ZuulLoggingFilter - request -> org.springframework.cloud.netflix.zuul.filters.pre.Servlet30RequestWrapper@593e704a request uri-> /town/export/towns
[INFO ] 26-02-2020 08:40:09.756 PM [http-nio-8090-exec-8]  com.viswagopi.components.ZuulLoggingFilter - request -> org.springframework.cloud.netflix.zuul.filters.pre.Servlet30RequestWrapper@34ab750e request uri-> /town
[INFO ] 26-02-2020 08:40:41.995 PM [http-nio-8090-exec-7]  com.viswagopi.components.ZuulLoggingFilter - request -> org.springframework.cloud.netflix.zuul.filters.pre.Servlet30RequestWrapper@43d695f3 request uri-> /town//export/towns
[INFO ] 26-02-2020 08:40:50.121 PM [http-nio-8090-exec-9]  com.viswagopi.components.ZuulLoggingFilter - request -> org.springframework.cloud.netflix.zuul.filters.pre.Servlet30RequestWrapper@272e641b request uri-> /town/export/towns
[INFO ] 26-02-2020 08:40:52.311 PM [http-nio-8090-exec-10]  com.viswagopi.components.ZuulLoggingFilter - request -> org.springframework.cloud.netflix.zuul.filters.pre.Servlet30RequestWrapper@638f6e9c request uri-> /town/export/towns
[INFO ] 26-02-2020 08:53:21.494 PM [main]  com.viswagopi.GatewayServiceApplication - No active profile set, falling back to default profiles: default
[INFO ] 26-02-2020 08:53:23.773 PM [main]  com.viswagopi.GatewayServiceApplication - Started GatewayServiceApplication in 2.702 seconds (JVM running for 3.134)
[INFO ] 26-02-2020 08:53:52.461 PM [http-nio-8090-exec-2]  com.viswagopi.components.ZuulLoggingFilter - request -> org.springframework.cloud.netflix.zuul.filters.pre.Servlet30RequestWrapper@6c6d1e80 request uri-> /town
[INFO ] 26-02-2020 08:54:00.695 PM [http-nio-8090-exec-3]  com.viswagopi.components.ZuulLoggingFilter - request -> org.springframework.cloud.netflix.zuul.filters.pre.Servlet30RequestWrapper@6b872cf7 request uri-> /town/export/towns
[INFO ] 26-02-2020 08:54:04.121 PM [http-nio-8090-exec-4]  com.viswagopi.components.ZuulLoggingFilter - request -> org.springframework.cloud.netflix.zuul.filters.pre.Servlet30RequestWrapper@7909e26b request uri-> /town/export/towns
[INFO ] 26-02-2020 08:54:05.005 PM [http-nio-8090-exec-5]  com.viswagopi.components.ZuulLoggingFilter - request -> org.springframework.cloud.netflix.zuul.filters.pre.Servlet30RequestWrapper@592ef850 request uri-> /town/export/towns
[INFO ] 26-02-2020 08:54:05.683 PM [http-nio-8090-exec-6]  com.viswagopi.components.ZuulLoggingFilter - request -> org.springframework.cloud.netflix.zuul.filters.pre.Servlet30RequestWrapper@764bf99d request uri-> /town/export/towns
[INFO ] 26-02-2020 08:54:06.331 PM [http-nio-8090-exec-7]  com.viswagopi.components.ZuulLoggingFilter - request -> org.springframework.cloud.netflix.zuul.filters.pre.Servlet30RequestWrapper@56f52ad request uri-> /town/export/towns
[INFO ] 26-02-2020 08:54:07.329 PM [http-nio-8090-exec-8]  com.viswagopi.components.ZuulLoggingFilter - request -> org.springframework.cloud.netflix.zuul.filters.pre.Servlet30RequestWrapper@74899d86 request uri-> /town/export/towns
[INFO ] 26-02-2020 08:54:17.368 PM [http-nio-8090-exec-9]  com.viswagopi.components.ZuulLoggingFilter - request -> org.springframework.cloud.netflix.zuul.filters.pre.Servlet30RequestWrapper@72db819a request uri-> /town/export/towns
[INFO ] 26-02-2020 08:54:18.488 PM [http-nio-8090-exec-10]  com.viswagopi.components.ZuulLoggingFilter - request -> org.springframework.cloud.netflix.zuul.filters.pre.Servlet30RequestWrapper@5a878115 request uri-> /town/export/towns
[INFO ] 26-02-2020 08:54:23.980 PM [http-nio-8090-exec-1]  com.viswagopi.components.ZuulLoggingFilter - request -> org.springframework.cloud.netflix.zuul.filters.pre.Servlet30RequestWrapper@2078db69 request uri-> /town
[INFO ] 26-02-2020 08:54:25.204 PM [http-nio-8090-exec-2]  com.viswagopi.components.ZuulLoggingFilter - request -> org.springframework.cloud.netflix.zuul.filters.pre.Servlet30RequestWrapper@18d5bbe9 request uri-> /town
[INFO ] 26-02-2020 08:54:50.891 PM [http-nio-8090-exec-3]  com.viswagopi.components.ZuulLoggingFilter - request -> org.springframework.cloud.netflix.zuul.filters.pre.Servlet30RequestWrapper@4eef0a80 request uri-> /town
[INFO ] 26-02-2020 08:55:02.991 PM [http-nio-8090-exec-4]  com.viswagopi.components.ZuulLoggingFilter - request -> org.springframework.cloud.netflix.zuul.filters.pre.Servlet30RequestWrapper@36f30901 request uri-> /town/town/1
[INFO ] 26-02-2020 08:55:09.971 PM [http-nio-8090-exec-5]  com.viswagopi.components.ZuulLoggingFilter - request -> org.springframework.cloud.netflix.zuul.filters.pre.Servlet30RequestWrapper@16d4173e request uri-> /town/1
[INFO ] 26-02-2020 08:55:17.717 PM [http-nio-8090-exec-6]  com.viswagopi.components.ZuulLoggingFilter - request -> org.springframework.cloud.netflix.zuul.filters.pre.Servlet30RequestWrapper@39b1031f request uri-> /town/export/towns
[INFO ] 26-02-2020 08:59:19.744 PM [main]  com.viswagopi.GatewayServiceApplication - No active profile set, falling back to default profiles: default
[INFO ] 26-02-2020 08:59:22.237 PM [main]  com.viswagopi.GatewayServiceApplication - Started GatewayServiceApplication in 2.908 seconds (JVM running for 3.417)
[INFO ] 26-02-2020 09:00:07.577 PM [http-nio-8090-exec-1]  com.viswagopi.components.ZuulLoggingFilter - request -> org.springframework.cloud.netflix.zuul.filters.pre.Servlet30RequestWrapper@2e799b9d request uri-> /town/export/towns
[INFO ] 26-02-2020 09:00:17.718 PM [http-nio-8090-exec-2]  com.viswagopi.components.ZuulLoggingFilter - request -> org.springframework.cloud.netflix.zuul.filters.pre.Servlet30RequestWrapper@2dd03e5f request uri-> /town/1
[INFO ] 26-02-2020 09:00:19.076 PM [http-nio-8090-exec-3]  com.viswagopi.components.ZuulLoggingFilter - request -> org.springframework.cloud.netflix.zuul.filters.pre.Servlet30RequestWrapper@564afc44 request uri-> /town/1
[INFO ] 26-02-2020 09:00:21.297 PM [http-nio-8090-exec-4]  com.viswagopi.components.ZuulLoggingFilter - request -> org.springframework.cloud.netflix.zuul.filters.pre.Servlet30RequestWrapper@6edfd8ee request uri-> /town/1
[INFO ] 26-02-2020 09:00:22.480 PM [http-nio-8090-exec-5]  com.viswagopi.components.ZuulLoggingFilter - request -> org.springframework.cloud.netflix.zuul.filters.pre.Servlet30RequestWrapper@1db2491b request uri-> /town/1
[INFO ] 26-02-2020 09:00:30.749 PM [http-nio-8090-exec-6]  com.viswagopi.components.ZuulLoggingFilter - request -> org.springframework.cloud.netflix.zuul.filters.pre.Servlet30RequestWrapper@63aac83e request uri-> /town/1
[INFO ] 26-02-2020 09:00:31.629 PM [http-nio-8090-exec-7]  com.viswagopi.components.ZuulLoggingFilter - request -> org.springframework.cloud.netflix.zuul.filters.pre.Servlet30RequestWrapper@4a9459fb request uri-> /town/1
[INFO ] 26-02-2020 09:02:20.078 PM [http-nio-8090-exec-8]  com.viswagopi.components.ZuulLoggingFilter - request -> org.springframework.cloud.netflix.zuul.filters.pre.Servlet30RequestWrapper@44a3a0e1 request uri-> /town/1
[INFO ] 26-02-2020 09:02:37.279 PM [http-nio-8090-exec-9]  com.viswagopi.components.ZuulLoggingFilter - request -> org.springframework.cloud.netflix.zuul.filters.pre.Servlet30RequestWrapper@231c31b0 request uri-> /town/1
[INFO ] 26-02-2020 09:02:38.867 PM [http-nio-8090-exec-10]  com.viswagopi.components.ZuulLoggingFilter - request -> org.springframework.cloud.netflix.zuul.filters.pre.Servlet30RequestWrapper@43745314 request uri-> /town/1
[INFO ] 26-02-2020 09:02:39.691 PM [http-nio-8090-exec-1]  com.viswagopi.components.ZuulLoggingFilter - request -> org.springframework.cloud.netflix.zuul.filters.pre.Servlet30RequestWrapper@250edde4 request uri-> /town/1
[INFO ] 26-02-2020 09:02:46.787 PM [http-nio-8090-exec-2]  com.viswagopi.components.ZuulLoggingFilter - request -> org.springframework.cloud.netflix.zuul.filters.pre.Servlet30RequestWrapper@622adfae request uri-> /town/1
[INFO ] 26-02-2020 09:02:47.643 PM [http-nio-8090-exec-3]  com.viswagopi.components.ZuulLoggingFilter - request -> org.springframework.cloud.netflix.zuul.filters.pre.Servlet30RequestWrapper@19b002c6 request uri-> /town/1
[INFO ] 26-02-2020 09:02:48.414 PM [http-nio-8090-exec-4]  com.viswagopi.components.ZuulLoggingFilter - request -> org.springframework.cloud.netflix.zuul.filters.pre.Servlet30RequestWrapper@2125217e request uri-> /town/1
[INFO ] 26-02-2020 09:05:37.631 PM [http-nio-8090-exec-6]  com.viswagopi.components.ZuulLoggingFilter - request -> org.springframework.cloud.netflix.zuul.filters.pre.Servlet30RequestWrapper@2c502000 request uri-> /town/1
[INFO ] 26-02-2020 09:05:38.720 PM [http-nio-8090-exec-7]  com.viswagopi.components.ZuulLoggingFilter - request -> org.springframework.cloud.netflix.zuul.filters.pre.Servlet30RequestWrapper@56eb4e2 request uri-> /town/1
[INFO ] 26-02-2020 09:05:48.552 PM [http-nio-8090-exec-8]  com.viswagopi.components.ZuulLoggingFilter - request -> org.springframework.cloud.netflix.zuul.filters.pre.Servlet30RequestWrapper@69dbc4fa request uri-> /town/1
[INFO ] 26-02-2020 09:05:49.338 PM [http-nio-8090-exec-9]  com.viswagopi.components.ZuulLoggingFilter - request -> org.springframework.cloud.netflix.zuul.filters.pre.Servlet30RequestWrapper@29e45ac0 request uri-> /town/1
[INFO ] 26-02-2020 10:44:50.508 PM [main]  com.viswagopi.GatewayServiceApplication - No active profile set, falling back to default profiles: default
[INFO ] 26-02-2020 10:44:52.878 PM [main]  com.viswagopi.GatewayServiceApplication - Started GatewayServiceApplication in 2.828 seconds (JVM running for 3.28)
[INFO ] 26-02-2020 10:45:58.022 PM [http-nio-8090-exec-1]  com.viswagopi.components.ZuulLoggingFilter - request -> org.springframework.cloud.netflix.zuul.filters.pre.Servlet30RequestWrapper@2a0e6aa request uri-> /town/1
[INFO ] 26-02-2020 10:46:25.685 PM [http-nio-8090-exec-2]  com.viswagopi.components.ZuulLoggingFilter - request -> org.springframework.cloud.netflix.zuul.filters.pre.Servlet30RequestWrapper@21e75afd request uri-> /town/1
[INFO ] 26-02-2020 10:46:37.418 PM [http-nio-8090-exec-3]  com.viswagopi.components.ZuulLoggingFilter - request -> org.springframework.cloud.netflix.zuul.filters.pre.Servlet30RequestWrapper@1aa08b5b request uri-> /town
